<?xml version="1.0" encoding="UTF-8"?>
<!-- Generated by org.testng.reporters.JUnitReportReporter -->
<testsuite hostname="DESKTOP-V05DCMJ" failures="0" tests="1" name="PHPTravelsTest.LoginTest" time="6.723" errors="0" timestamp="2023-01-16T10:46:26 IST" skipped="0">
  <testcase classname="PHPTravelsTest.LoginTest" name="test_Login" time="6.723"/>
  <system-out/>
</testsuite> <!-- PHPTravelsTest.LoginTest -->
