<?xml version="1.0" encoding="UTF-8"?>
<!-- Generated by org.testng.reporters.JUnitReportReporter -->
<testsuite hostname="DESKTOP-V05DCMJ" failures="0" tests="6" name="PHPTravelsTest.LogingDataDrivenTest" time="53.408" errors="0" timestamp="2023-01-16T10:47:44 IST" skipped="0">
  <testcase classname="PHPTravelsTest.LogingDataDrivenTest" name="test_LoginDDT" time="10.408"/>
  <system-out/>
  <testcase classname="PHPTravelsTest.LogingDataDrivenTest" name="test_LoginDDT" time="6.595"/>
  <system-out/>
  <testcase classname="PHPTravelsTest.LogingDataDrivenTest" name="test_LoginDDT" time="10.373"/>
  <system-out/>
  <testcase classname="PHPTravelsTest.LogingDataDrivenTest" name="test_LoginDDT" time="10.303"/>
  <system-out/>
  <testcase classname="PHPTravelsTest.LogingDataDrivenTest" name="test_LoginDDT" time="10.464"/>
  <system-out/>
  <testcase classname="PHPTravelsTest.LogingDataDrivenTest" name="test_LoginDDT" time="5.265"/>
  <system-out/>
</testsuite> <!-- PHPTravelsTest.LogingDataDrivenTest -->
