<?xml version="1.0" encoding="UTF-8"?>
<!-- Generated by org.testng.reporters.JUnitReportReporter -->
<testsuite hostname="DESKTOP-V05DCMJ" failures="0" tests="1" name="PHPTravelsTest.LoginTest" time="5.647" errors="0" timestamp="2023-01-19T12:46:28 IST" skipped="0">
  <testcase classname="PHPTravelsTest.LoginTest" name="test_Login" time="5.647"/>
  <system-out/>
</testsuite> <!-- PHPTravelsTest.LoginTest -->
